{
  message: 'Application is listening on port 8080',
  level: 'info',
  label: 'UH Success',
  timestamp: '2023-06-11T20:08:23.778Z'
}
{
  message: 'Application is listening on port 8080',
  level: 'info',
  label: 'UH Success',
  timestamp: '2023-06-11T20:17:57.884Z'
}
{
  message: 'Application is listening on port 8080',
  level: 'info',
  label: 'UH Success',
  timestamp: '2023-06-11T20:18:09.918Z'
}
{
  message: 'Application is listening on port 8080',
  level: 'info',
  label: 'UH Success',
  timestamp: '2023-06-11T20:22:21.542Z'
}
{
  message: 'Application is listening on port 8080',
  level: 'info',
  label: 'UH Success',
  timestamp: '2023-06-11T20:22:29.960Z'
}
{
  message: 'Application is listening on port 8080',
  level: 'info',
  label: 'UH Success',
  timestamp: '2023-06-11T20:26:40.180Z'
}
{
  message: 'Application is listening on port 8080',
  level: 'info',
  label: 'UH Success',
  timestamp: '2023-06-11T20:26:58.422Z'
}
{
  message: 'Application is listening on port 8080',
  level: 'info',
  label: 'UH Success',
  timestamp: '2023-06-11T20:28:06.401Z'
}
{
  message: 'Application is listening on port 8080',
  level: 'info',
  label: 'UH Success',
  timestamp: '2023-06-11T20:28:12.764Z'
}
{
  message: 'Application is listening on port 8080',
  level: 'info',
  label: 'UH Success',
  timestamp: '2023-06-11T20:28:19.796Z'
}
{
  message: 'Application is listening on port 8080',
  level: 'info',
  label: 'UH Success',
  timestamp: '2023-06-11T20:28:49.734Z'
}
{
  message: 'Application is listening on port 8080',
  level: 'info',
  label: 'UH Success',
  timestamp: '2023-06-11T20:30:32.935Z'
}
{
  message: 'Application is listening on port 8080',
  level: 'info',
  label: 'UH Success',
  timestamp: '2023-06-11T20:31:11.043Z'
}
{
  message: 'Application is listening on port 8080',
  level: 'info',
  label: 'UH Success',
  timestamp: '2023-06-11T20:31:40.582Z'
}
{
  message: 'Application is listening on port 8080',
  level: 'info',
  label: 'UH Success',
  timestamp: '2023-06-11T20:31:55.005Z'
}
{
  message: 'Application is listening on port 8080',
  level: 'info',
  label: 'UH Success',
  timestamp: '2023-06-11T20:32:10.289Z'
}
{
  message: 'Application is listening on port 8080',
  level: 'info',
  label: 'UH Success',
  timestamp: '2023-06-11T20:32:39.025Z'
}
{
  message: 'Application is listening on port 8080',
  level: 'info',
  label: 'UH Success',
  timestamp: '2023-06-11T20:33:13.606Z'
}
{
  message: 'Application is listening on port 8080',
  level: 'info',
  label: 'UH Success',
  timestamp: '2023-06-11T20:33:46.006Z'
}
{
  message: 'Application is listening on port 8080',
  level: 'info',
  label: 'UH Success',
  timestamp: '2023-06-11T20:34:02.440Z'
}
{
  message: 'Application is listening on port 8080',
  level: 'info',
  label: 'UH Success',
  timestamp: '2023-06-11T20:34:52.330Z'
}
{
  message: 'Application is listening on port 8080',
  level: 'info',
  label: 'UH Success',
  timestamp: '2023-06-11T20:34:53.728Z'
}
{
  message: 'Application is listening on port 8080',
  level: 'info',
  label: 'UH Success',
  timestamp: '2023-06-11T20:35:06.835Z'
}
{
  message: 'Application is listening on port 8080',
  level: 'info',
  label: 'UH Success',
  timestamp: '2023-06-11T20:35:11.693Z'
}
{
  message: 'Application is listening on port 8080',
  level: 'info',
  label: 'UH Success',
  timestamp: '2023-06-11T20:35:45.333Z'
}
{
  message: 'Application is listening on port 8080',
  level: 'info',
  label: 'UH Success',
  timestamp: '2023-06-11T20:35:49.858Z'
}
{
  message: 'Application is listening on port 8080',
  level: 'info',
  label: 'UH Success',
  timestamp: '2023-06-11T20:36:00.641Z'
}
{
  message: 'Application is listening on port 8080',
  level: 'info',
  label: 'UH Success',
  timestamp: '2023-06-11T20:36:16.383Z'
}
{
  message: 'Application is listening on port 8080',
  level: 'info',
  label: 'UH Success',
  timestamp: '2023-06-11T20:37:17.038Z'
}
{
  message: 'Application is listening on port 8080',
  level: 'info',
  label: 'UH Success',
  timestamp: '2023-06-11T20:38:08.041Z'
}
{
  message: 'Application is listening on port 8080',
  level: 'info',
  label: 'UH Success',
  timestamp: '2023-06-11T20:39:57.964Z'
}
{
  message: 'Application is listening on port 8080',
  level: 'info',
  label: 'UH Success',
  timestamp: '2023-06-11T20:43:17.682Z'
}
{
  message: 'Application is listening on port 8080',
  level: 'info',
  label: 'UH Success',
  timestamp: '2023-06-11T20:43:24.820Z'
}
{
  message: 'Application is listening on port 8080',
  level: 'info',
  label: 'UH Success',
  timestamp: '2023-06-11T20:44:04.400Z'
}
{
  message: 'Application is listening on port 8080',
  level: 'info',
  label: 'UH Success',
  timestamp: '2023-06-11T20:44:23.858Z'
}
Sun Jun 11 2023 22:44:46 [UH Success] info: Application is listening on port 8080
Sun Jun 11 2023 22:46:9 [UH Success] info: Application is listening on port 8080
Sun Jun 11 2023 22:46:22 [UH Success] info: Application is listening on port 8080
Sun Jun 11 2023 22:49:1 [UH Success] info: Application is listening on port 8080
Sun Jun 11 2023 22:49:44 [UH Success] info: Application is listening on port 8080
Sun Jun 11 2023 22:50:0 [UH Success] info: Application is listening on port 8080
Sun Jun 11 2023 22:50:3 [UH Success] info: Application is listening on port 8080
Sun Jun 11 2023 22:50:35 [UH Success] info: Application is listening on port 8080
